{
  "timestamp": "2025-02-14 20:43:27.035",
  "level": "INFO",
  "message": "Application started",
  "context": {}
}
{
  "timestamp": "2025-02-14 20:43:27.038",
  "level": "INFO",
  "message": "Server initialization complete",
  "context": {
    "server": "web-01",
    "environment": "production",
    "version": "1.2.3"
  }
}
{
  "timestamp": "2025-02-14 20:43:27.038",
  "level": "INFO",
  "message": "This log entry is from yesterday",
  "context": {
    "server": "web-01",
    "environment": "production",
    "version": "1.2.3",
    "date": "2025-02-13T20:43:27.028063",
    "status": "historical"
  }
}
{
  "timestamp": "2025-02-14 20:43:27.038",
  "level": "DEBUG",
  "message": "Debug message for troubleshooting",
  "context": {
    "server": "web-01",
    "environment": "production",
    "version": "1.2.3",
    "date": "2025-02-13T20:43:27.028063",
    "status": "historical"
  }
}
{
  "timestamp": "2025-02-14 20:43:27.038",
  "level": "WARNING",
  "message": "System resources running low",
  "context": {
    "server": "web-01",
    "environment": "production",
    "version": "1.2.3",
    "date": "2025-02-13T20:43:27.028063",
    "status": "historical"
  }
}
{
  "timestamp": "2025-02-14 20:43:27.038",
  "level": "ERROR",
  "message": "Failed to process request",
  "context": {
    "server": "web-01",
    "environment": "production",
    "version": "1.2.3",
    "date": "2025-02-13T20:43:27.028063",
    "status": "historical",
    "request_id": "123",
    "endpoint": "/api/users"
  }
}
{
  "timestamp": "2025-02-14 20:43:27.038",
  "level": "INFO",
  "message": "{event: backup_completed, duration: 125.45, files_processed: 1250, total_size: 2.5GB, timestamp: 2025-02-14T20:43:27.029423}",
  "context": {
    "server": "web-01",
    "environment": "production",
    "version": "1.2.3",
    "date": "2025-02-13T20:43:27.028063",
    "status": "historical"
  }
}
{
  "timestamp": "2025-02-14 20:43:50.275",
  "level": "INFO",
  "message": "Application started",
  "context": {}
}
{
  "timestamp": "2025-02-14 20:43:50.278",
  "level": "INFO",
  "message": "Server initialization complete",
  "context": {
    "server": "web-01",
    "environment": "production",
    "version": "1.2.3"
  }
}
{
  "timestamp": "2025-02-14 20:43:50.278",
  "level": "INFO",
  "message": "This log entry is from yesterday",
  "context": {
    "server": "web-01",
    "environment": "production",
    "version": "1.2.3",
    "date": "2025-02-13T20:43:50.267815",
    "status": "historical"
  }
}
{
  "timestamp": "2025-02-14 20:43:50.278",
  "level": "DEBUG",
  "message": "Debug message for troubleshooting",
  "context": {
    "server": "web-01",
    "environment": "production",
    "version": "1.2.3",
    "date": "2025-02-13T20:43:50.267815",
    "status": "historical"
  }
}
{
  "timestamp": "2025-02-14 20:43:50.278",
  "level": "WARNING",
  "message": "System resources running low",
  "context": {
    "server": "web-01",
    "environment": "production",
    "version": "1.2.3",
    "date": "2025-02-13T20:43:50.267815",
    "status": "historical"
  }
}
{
  "timestamp": "2025-02-14 20:43:50.279",
  "level": "ERROR",
  "message": "Failed to process request",
  "context": {
    "server": "web-01",
    "environment": "production",
    "version": "1.2.3",
    "date": "2025-02-13T20:43:50.267815",
    "status": "historical",
    "request_id": "123",
    "endpoint": "/api/users"
  }
}
{
  "timestamp": "2025-02-14 20:43:50.279",
  "level": "INFO",
  "message": "{event: backup_completed, duration: 125.45, files_processed: 1250, total_size: 2.5GB, timestamp: 2025-02-14T20:43:50.269313}",
  "context": {
    "server": "web-01",
    "environment": "production",
    "version": "1.2.3",
    "date": "2025-02-13T20:43:50.267815",
    "status": "historical"
  }
}
